<?xml version="1.0" encoding="UTF-8"?>
<testsuite name="com.bridgelabz.MyHashMapTest" tests="1" skipped="0" failures="0" errors="0" timestamp="2021-06-11T09:33:19" hostname="LAPTOP-OKMRMTOT" time="0.013">
  <properties/>
  <testcase name="givenASentenceWhenWordsAreAddedToListShouldReturnWordFrequency" classname="com.bridgelabz.MyHashMapTest" time="0.013"/>
  <system-out><![CDATA[com.bridgelabz.MyHashMap@75ae2ae8
]]></system-out>
  <system-err><![CDATA[]]></system-err>
</testsuite>
